<?xml version="1.0" encoding="UTF-8"?>
<!-- Generated by org.testng.reporters.JUnitReportReporter -->
<testsuite hostname="LTIN217825" failures="0" tests="1" name="TestCase.TC02_SecondPAge" time="8.748" errors="0" timestamp="2024-02-12T10:55:21 IST" skipped="0">
  <testcase classname="TestCase.TC02_SecondPAge" name="secondPagee" time="8.748"/>
</testsuite> <!-- TestCase.TC02_SecondPAge -->
