<?xml version="1.0" encoding="UTF-8"?>
<!-- Generated by org.testng.reporters.JUnitReportReporter -->
<testsuite hostname="LTIN217825" failures="0" tests="1" name="TestCase.TC01_Home" time="16.821" errors="0" timestamp="2024-02-12T10:55:21 IST" skipped="0">
  <testcase classname="TestCase.TC01_Home" name="Home" time="16.821"/>
</testsuite> <!-- TestCase.TC01_Home -->
